[0.026s] Invoking command in '/home/hermes/Hermes/hermes_ws/build/gps_publisher': /usr/bin/cmake --build /home/hermes/Hermes/hermes_ws/build/gps_publisher -- -j6 -l6
[0.097s] -- Found ament_cmake: 1.3.8 (/opt/ros/humble/share/ament_cmake/cmake)
[0.443s] -- Found ament_lint_auto: 0.12.10 (/opt/ros/humble/share/ament_lint_auto/cmake)
[0.570s] Error parsing '/home/hermes/Hermes/hermes_ws/src/gps_publisher/package.xml':
[0.676s] Traceback (most recent call last):
[0.676s]   File "/opt/ros/humble/share/ament_cmake_core/cmake/core/package_xml_2_cmake.py", line 150, in <module>
[0.676s]     main()
[0.676s]   File "/opt/ros/humble/share/ament_cmake_core/cmake/core/package_xml_2_cmake.py", line 53, in main
[0.676s]     raise e
[0.677s]   File "/opt/ros/humble/share/ament_cmake_core/cmake/core/package_xml_2_cmake.py", line 49, in main
[0.677s]     package = parse_package_string(
[0.677s]   File "/usr/lib/python3/dist-packages/catkin_pkg/package.py", line 788, in parse_package_string
[0.677s]     pkg.validate(warnings=warnings)
[0.677s]   File "/usr/lib/python3/dist-packages/catkin_pkg/package.py", line 330, in validate
[0.677s]     raise InvalidPackage('\n'.join(errors), self.filename)
[0.677s] catkin_pkg.package.InvalidPackage: Error(s) in package '/home/hermes/Hermes/hermes_ws/src/gps_publisher/package.xml':
[0.678s] The package "gps_publisher" must not "exec_depend" on a package with the same name as this package
[0.721s] [31mCMake Error at /opt/ros/humble/share/ament_cmake_core/cmake/core/ament_package_xml.cmake:95 (message):
[0.722s]   execute_process(/usr/bin/python3
[0.723s]   /opt/ros/humble/share/ament_cmake_core/cmake/core/package_xml_2_cmake.py
[0.724s]   /home/hermes/Hermes/hermes_ws/src/gps_publisher/package.xml
[0.724s]   /home/hermes/Hermes/hermes_ws/build/gps_publisher/ament_cmake_core/package.cmake)
[0.724s]   returned error code 1
[0.724s] Call Stack (most recent call first):
[0.724s]   /opt/ros/humble/share/ament_cmake_core/cmake/core/ament_package_xml.cmake:49 (_ament_package_xml)
[0.725s]   /opt/ros/humble/share/ament_lint_auto/cmake/ament_lint_auto_find_test_dependencies.cmake:31 (ament_package_xml)
[0.725s]   CMakeLists.txt:23 (ament_lint_auto_find_test_dependencies)
[0.725s] 
[0.726s] -- Configuring incomplete, errors occurred!
[0.726s] See also "/home/hermes/Hermes/hermes_ws/build/gps_publisher/CMakeFiles/CMakeOutput.log".
[0.727s] [0m
[0.734s] gmake: *** [Makefile:226: cmake_check_build_system] Error 1
[0.739s] Invoked command in '/home/hermes/Hermes/hermes_ws/build/gps_publisher' returned '2': /usr/bin/cmake --build /home/hermes/Hermes/hermes_ws/build/gps_publisher -- -j6 -l6
