[  3%] Built target hermes_interfaces__cpp
[ 12%] Built target hermes_interfaces__rosidl_generator_c
failed to create symbolic link '/home/hermes/Hermes/hermes_ws/build/hermes_interfaces/ament_cmake_python/hermes_interfaces/hermes_interfaces' because existing path cannot be removed: Is a directory
gmake[2]: *** [CMakeFiles/ament_cmake_python_symlink_hermes_interfaces.dir/build.make:70: CMakeFiles/ament_cmake_python_symlink_hermes_interfaces] Error 1
gmake[1]: *** [CMakeFiles/Makefile2:421: CMakeFiles/ament_cmake_python_symlink_hermes_interfaces.dir/all] Error 2
gmake[1]: *** Waiting for unfinished jobs....
[35m[1mConsolidate compiler generated dependencies of target hermes_interfaces__rosidl_typesupport_cpp[0m
[35m[1mConsolidate compiler generated dependencies of target hermes_interfaces__rosidl_typesupport_fastrtps_cpp[0m
[35m[1mConsolidate compiler generated dependencies of target hermes_interfaces__rosidl_typesupport_introspection_cpp[0m
[35m[1mConsolidate compiler generated dependencies of target hermes_interfaces__rosidl_typesupport_fastrtps_c[0m
[ 22%] Built target hermes_interfaces__rosidl_typesupport_cpp
[ 32%] Built target hermes_interfaces__rosidl_typesupport_introspection_cpp
[ 41%] Built target hermes_interfaces__rosidl_typesupport_fastrtps_cpp
[ 51%] Built target hermes_interfaces__rosidl_typesupport_fastrtps_c
gmake: *** [Makefile:146: all] Error 2
