[5.377s] Invoking command in '/home/hermes/Hermes/hermes_ws/build/ldlidar_stl_ros2': CMAKE_PREFIX_PATH=${CMAKE_PREFIX_PATH}:/home/hermes/lidar_sub_ros2_ws/install/lidar_sub_ros2:/opt/ros/foxy:/home/hermes/ros2_teleop_ws/install/teleop_pkg /usr/local/bin/cmake /home/hermes/Hermes/hermes_ws/src/lidar_publisher/ldlidar_stl_ros2 -DCMAKE_INSTALL_PREFIX=/home/hermes/Hermes/hermes_ws/install/ldlidar_stl_ros2
[7.656s] -- The C compiler identification is GNU 9.4.0
[7.657s] -- The CXX compiler identification is GNU 9.4.0
[7.658s] -- Detecting C compiler ABI info
[7.659s] -- Detecting C compiler ABI info - done
[7.661s] -- Check for working C compiler: /usr/bin/cc - skipped
[7.661s] -- Detecting C compile features
[7.662s] -- Detecting C compile features - done
[7.662s] -- Detecting CXX compiler ABI info
[7.663s] -- Detecting CXX compiler ABI info - done
[7.663s] -- Check for working CXX compiler: /usr/bin/c++ - skipped
[7.664s] -- Detecting CXX compile features
[7.666s] -- Detecting CXX compile features - done
[7.668s] -- Found ament_cmake: 0.9.12 (/opt/ros/foxy/share/ament_cmake/cmake)
[7.668s] -- Found PythonInterp: /usr/bin/python3 (found suitable version "3.8.10", minimum required is "3") 
[7.668s] -- Using PYTHON_EXECUTABLE: /usr/bin/python3
[7.668s] -- Found rclcpp: 2.4.3 (/opt/ros/foxy/share/rclcpp/cmake)
[7.668s] -- Using all available rosidl_typesupport_c: rosidl_typesupport_fastrtps_c;rosidl_typesupport_introspection_c
[7.669s] -- Found rosidl_adapter: 1.3.1 (/opt/ros/foxy/share/rosidl_adapter/cmake)
[7.670s] -- Found OpenSSL: /usr/lib/aarch64-linux-gnu/libcrypto.so (found version "1.1.1f")  
[7.671s] -- Found FastRTPS: /opt/ros/foxy/include  
[7.671s] -- Using all available rosidl_typesupport_cpp: rosidl_typesupport_fastrtps_cpp;rosidl_typesupport_introspection_cpp
[7.672s] -- Found rmw_implementation_cmake: 1.0.4 (/opt/ros/foxy/share/rmw_implementation_cmake/cmake)
[7.672s] -- Using RMW implementation 'rmw_fastrtps_cpp' as default
[7.673s] -- Performing Test CMAKE_HAVE_LIBC_PTHREAD
[7.673s] -- Performing Test CMAKE_HAVE_LIBC_PTHREAD - Failed
[7.674s] -- Looking for pthread_create in pthreads
[7.677s] -- Looking for pthread_create in pthreads - not found
[7.677s] -- Looking for pthread_create in pthread
[7.677s] -- Looking for pthread_create in pthread - found
[7.678s] -- Found Threads: TRUE  
[7.678s] [33mCMake Warning (dev) at /opt/ros/foxy/share/ament_cmake_core/cmake/core/python.cmake:22 (find_package):
[7.678s]   Policy CMP0148 is not set: The FindPythonInterp and FindPythonLibs modules
[7.680s]   are removed.  Run "cmake --help-policy CMP0148" for policy details.  Use
[7.681s]   the cmake_policy command to set the policy and suppress this warning.
[7.682s] 
[7.682s] Call Stack (most recent call first):
[7.682s]   /opt/ros/foxy/share/ament_cmake_core/cmake/core/all.cmake:53 (include)
[7.682s]   /opt/ros/foxy/share/ament_cmake_core/cmake/ament_cmake_core-extras.cmake:17 (include)
[7.682s]   /opt/ros/foxy/share/ament_cmake_core/cmake/ament_cmake_coreConfig.cmake:41 (include)
[7.682s]   /opt/ros/foxy/share/ament_cmake/cmake/ament_cmake_export_dependencies-extras.cmake:15 (find_package)
[7.682s]   /opt/ros/foxy/share/ament_cmake/cmake/ament_cmakeConfig.cmake:41 (include)
[7.682s]   CMakeLists.txt:19 (find_package)
[7.683s] This warning is for project developers.  Use -Wno-dev to suppress it.
[7.683s] [0m
[7.774s] -- Found sensor_msgs: 2.0.5 (/opt/ros/foxy/share/sensor_msgs/cmake)
[8.020s] -- Found ament_lint_auto: 0.9.8 (/opt/ros/foxy/share/ament_lint_auto/cmake)
[8.198s] -- Added test 'copyright' to check source files copyright and LICENSE
[8.211s] -- Added test 'cppcheck' to perform static code analysis on C / C++ code
[8.214s] -- Configured cppcheck include dirs: /home/hermes/Hermes/hermes_ws/src/lidar_publisher/ldlidar_stl_ros2/include;/home/hermes/Hermes/hermes_ws/src/lidar_publisher/ldlidar_stl_ros2/ldlidar_driver/include/core;/home/hermes/Hermes/hermes_ws/src/lidar_publisher/ldlidar_stl_ros2/ldlidar_driver/include/dataprocess;/home/hermes/Hermes/hermes_ws/src/lidar_publisher/ldlidar_stl_ros2/ldlidar_driver/include/filter;/home/hermes/Hermes/hermes_ws/src/lidar_publisher/ldlidar_stl_ros2/ldlidar_driver/include/logger;/home/hermes/Hermes/hermes_ws/src/lidar_publisher/ldlidar_stl_ros2/ldlidar_driver/include/networkcom;/home/hermes/Hermes/hermes_ws/src/lidar_publisher/ldlidar_stl_ros2/ldlidar_driver/include/serialcom
[8.214s] -- Configured cppcheck exclude dirs and/or files: 
[8.226s] -- Added test 'cpplint' to check C / C++ code against the Google style
[8.227s] -- Configured cpplint exclude dirs and/or files: 
[8.231s] -- Added test 'flake8' to check Python code syntax and style conventions
[8.235s] -- Added test 'lint_cmake' to check CMake code style
[8.239s] -- Added test 'pep257' to check Python code against some of the style conventions in PEP 257
[8.251s] -- Added test 'uncrustify' to check C / C++ code style
[8.252s] -- Configured uncrustify additional arguments: 
[8.255s] -- Added test 'xmllint' to check XML markup files
[8.260s] -- Configuring done (2.8s)
[8.291s] -- Generating done (0.0s)
[8.296s] -- Build files have been written to: /home/hermes/Hermes/hermes_ws/build/ldlidar_stl_ros2
[8.347s] Invoked command in '/home/hermes/Hermes/hermes_ws/build/ldlidar_stl_ros2' returned '0': CMAKE_PREFIX_PATH=${CMAKE_PREFIX_PATH}:/home/hermes/lidar_sub_ros2_ws/install/lidar_sub_ros2:/opt/ros/foxy:/home/hermes/ros2_teleop_ws/install/teleop_pkg /usr/local/bin/cmake /home/hermes/Hermes/hermes_ws/src/lidar_publisher/ldlidar_stl_ros2 -DCMAKE_INSTALL_PREFIX=/home/hermes/Hermes/hermes_ws/install/ldlidar_stl_ros2
[8.349s] Invoking command in '/home/hermes/Hermes/hermes_ws/build/ldlidar_stl_ros2': CMAKE_PREFIX_PATH=${CMAKE_PREFIX_PATH}:/home/hermes/lidar_sub_ros2_ws/install/lidar_sub_ros2:/opt/ros/foxy:/home/hermes/ros2_teleop_ws/install/teleop_pkg /usr/local/bin/cmake --build /home/hermes/Hermes/hermes_ws/build/ldlidar_stl_ros2 -- -j6 -l6
[8.482s] [ 12%] [32mBuilding CXX object CMakeFiles/ldlidar_stl_ros2_node.dir/src/demo.cpp.o[0m
[8.488s] [ 25%] [32mBuilding CXX object CMakeFiles/ldlidar_stl_ros2_node.dir/ldlidar_driver/src/dataprocess/lipkg.cpp.o[0m
[8.494s] [ 37%] [32mBuilding CXX object CMakeFiles/ldlidar_stl_ros2_node.dir/ldlidar_driver/src/core/ldlidar_driver.cpp.o[0m
[8.500s] [ 50%] [32mBuilding CXX object CMakeFiles/ldlidar_stl_ros2_node.dir/ldlidar_driver/src/filter/tofbf.cpp.o[0m
[8.553s] [ 62%] [32mBuilding CXX object CMakeFiles/ldlidar_stl_ros2_node.dir/ldlidar_driver/src/logger/log_module.cpp.o[0m
[8.565s] [ 75%] [32mBuilding CXX object CMakeFiles/ldlidar_stl_ros2_node.dir/ldlidar_driver/src/networkcom/network_socket_interface_linux.cpp.o[0m
[9.718s] [ 87%] [32mBuilding CXX object CMakeFiles/ldlidar_stl_ros2_node.dir/ldlidar_driver/src/serialcom/serial_interface_linux.cpp.o[0m
[12.892s] [01m[K/home/hermes/Hermes/hermes_ws/src/lidar_publisher/ldlidar_stl_ros2/src/demo.cpp:[m[K In function â€˜[01m[Kint main(int, char**)[m[Kâ€™:
[12.892s] [01m[K/home/hermes/Hermes/hermes_ws/src/lidar_publisher/ldlidar_stl_ros2/src/demo.cpp:64:12:[m[K [01;31m[Kerror: [m[Kâ€˜[01m[KCmdInterfaceLinux[m[Kâ€™ is not a member of â€˜[01m[Kldlidar[m[Kâ€™
[12.892s]    64 |   ldlidar::[01;31m[KCmdInterfaceLinux[m[K *cmd_port = new ldlidar::CmdInterfaceLinux();
[12.893s]       |            [01;31m[K^~~~~~~~~~~~~~~~~[m[K
[12.895s] [01m[K/home/hermes/Hermes/hermes_ws/src/lidar_publisher/ldlidar_stl_ros2/src/demo.cpp:64:31:[m[K [01;31m[Kerror: [m[Kâ€˜[01m[Kcmd_port[m[Kâ€™ was not declared in this scope
[12.896s]    64 |   ldlidar::CmdInterfaceLinux *[01;31m[Kcmd_port[m[K = new ldlidar::CmdInterfaceLinux();
[12.896s]       |                               [01;31m[K^~~~~~~~[m[K
[12.896s] [01m[K/home/hermes/Hermes/hermes_ws/src/lidar_publisher/ldlidar_stl_ros2/src/demo.cpp:64:46:[m[K [01;31m[Kerror: [m[Kexpected type-specifier
[12.896s]    64 |   ldlidar::CmdInterfaceLinux *cmd_port = new [01;31m[Kldlidar[m[K::CmdInterfaceLinux();
[12.896s]       |                                              [01;31m[K^~~~~~~[m[K
[12.897s] In file included from [01m[K/opt/ros/foxy/include/rclcpp/service.hpp:34[m[K,
[12.897s]                  from [01m[K/opt/ros/foxy/include/rclcpp/callback_group.hpp:25[m[K,
[12.897s]                  from [01m[K/opt/ros/foxy/include/rclcpp/any_executable.hpp:20[m[K,
[12.897s]                  from [01m[K/opt/ros/foxy/include/rclcpp/memory_strategy.hpp:24[m[K,
[12.898s]                  from [01m[K/opt/ros/foxy/include/rclcpp/memory_strategies.hpp:18[m[K,
[12.898s]                  from [01m[K/opt/ros/foxy/include/rclcpp/executor_options.hpp:20[m[K,
[12.898s]                  from [01m[K/opt/ros/foxy/include/rclcpp/executor.hpp:33[m[K,
[12.898s]                  from [01m[K/opt/ros/foxy/include/rclcpp/executors/multi_threaded_executor.hpp:26[m[K,
[12.898s]                  from [01m[K/opt/ros/foxy/include/rclcpp/executors.hpp:21[m[K,
[12.898s]                  from [01m[K/opt/ros/foxy/include/rclcpp/rclcpp.hpp:146[m[K,
[12.898s]                  from [01m[K/home/hermes/Hermes/hermes_ws/src/lidar_publisher/ldlidar_stl_ros2/include/ros2_api.h:24[m[K,
[12.898s]                  from [01m[K/home/hermes/Hermes/hermes_ws/src/lidar_publisher/ldlidar_stl_ros2/src/demo.cpp:22[m[K:
[12.899s] [01m[K/home/hermes/Hermes/hermes_ws/src/lidar_publisher/ldlidar_stl_ros2/src/demo.cpp:66:90:[m[K [01;31m[Kerror: [m[Kâ€˜[01m[Kclass ldlidar::LiPkg[m[Kâ€™ has no member named â€˜[01m[KGetSdkPackVersionNum[m[Kâ€™
[12.899s]    66 |   RCLCPP_INFO_STREAM(node->get_logger(), " [ldrobot] SDK Pack Version is " << lidar_pkg->[01;31m[KGetSdkPackVersionNum[m[K());
[12.899s]       |                                                                                          [01;31m[K^~~~~~~~~~~~~~~~~~~~[m[K
[12.932s] [01m[K/home/hermes/Hermes/hermes_ws/src/lidar_publisher/ldlidar_stl_ros2/src/demo.cpp:95:33:[m[K [01;31m[Kerror: [m[Kâ€˜[01m[Kbool ldlidar::LiPkg::IsFrameReady()[m[Kâ€™ is private within this context
[12.932s]    95 |     if (lidar_pkg->IsFrameReady([01;31m[K)[m[K) {
[12.932s]       |                                 [01;31m[K^[m[K
[12.932s] In file included from [01m[K/home/hermes/Hermes/hermes_ws/src/lidar_publisher/ldlidar_stl_ros2/src/demo.cpp:23[m[K:
[12.932s] [01m[K/home/hermes/Hermes/hermes_ws/src/lidar_publisher/ldlidar_stl_ros2/ldlidar_driver/include/dataprocess/lipkg.h:125:8:[m[K [01;36m[Knote: [m[Kdeclared private here
[12.932s]   125 |   bool [01;36m[KIsFrameReady[m[K(void);
[12.933s]       |        [01;36m[K^~~~~~~~~~~~[m[K
[12.933s] [01m[K/home/hermes/Hermes/hermes_ws/src/lidar_publisher/ldlidar_stl_ros2/src/demo.cpp:96:34:[m[K [01;31m[Kerror: [m[Kâ€˜[01m[Kvoid ldlidar::LiPkg::ResetFrameReady()[m[Kâ€™ is private within this context
[12.933s]    96 |       lidar_pkg->ResetFrameReady([01;31m[K)[m[K;
[12.933s]       |                                  [01;31m[K^[m[K
[12.933s] In file included from [01m[K/home/hermes/Hermes/hermes_ws/src/lidar_publisher/ldlidar_stl_ros2/src/demo.cpp:23[m[K:
[12.933s] [01m[K/home/hermes/Hermes/hermes_ws/src/lidar_publisher/ldlidar_stl_ros2/ldlidar_driver/include/dataprocess/lipkg.h:127:8:[m[K [01;36m[Knote: [m[Kdeclared private here
[12.933s]   127 |   void [01;36m[KResetFrameReady[m[K(void);
[12.934s]       |        [01;36m[K^~~~~~~~~~~~~~~[m[K
[12.934s] [01m[K/home/hermes/Hermes/hermes_ws/src/lidar_publisher/ldlidar_stl_ros2/src/demo.cpp:98:69:[m[K [01;31m[Kerror: [m[Kno matching function for call to â€˜[01m[Kldlidar::LiPkg::GetLaserScanData()[m[Kâ€™
[12.934s]    98 |       ldlidar::Points2D laserscandata = lidar_pkg->GetLaserScanData([01;31m[K)[m[K;
[12.934s]       |                                                                     [01;31m[K^[m[K
[12.934s] In file included from [01m[K/home/hermes/Hermes/hermes_ws/src/lidar_publisher/ldlidar_stl_ros2/src/demo.cpp:23[m[K:
[12.934s] [01m[K/home/hermes/Hermes/hermes_ws/src/lidar_publisher/ldlidar_stl_ros2/ldlidar_driver/include/dataprocess/lipkg.h:77:8:[m[K [01;36m[Knote: [m[Kcandidate: â€˜[01m[Kbool ldlidar::LiPkg::GetLaserScanData(ldlidar::Points2D&)[m[Kâ€™
[12.934s]    77 |   bool [01;36m[KGetLaserScanData[m[K(Points2D& out);
[12.934s]       |        [01;36m[K^~~~~~~~~~~~~~~~[m[K
[12.934s] [01m[K/home/hermes/Hermes/hermes_ws/src/lidar_publisher/ldlidar_stl_ros2/ldlidar_driver/include/dataprocess/lipkg.h:77:8:[m[K [01;36m[Knote: [m[K  candidate expects 1 argument, 0 provided
[12.935s] [01m[K/home/hermes/Hermes/hermes_ws/src/lidar_publisher/ldlidar_stl_ros2/src/demo.cpp:114:10:[m[K [01;31m[Kerror: [m[Ktype â€˜[01m[K<type error>[m[Kâ€™ argument given to â€˜[01m[Kdelete[m[Kâ€™, expected pointer
[12.935s]   114 |   delete [01;31m[Kcmd_port[m[K;
[12.935s]       |          [01;31m[K^~~~~~~~[m[K
[12.937s] [01m[K/home/hermes/Hermes/hermes_ws/src/lidar_publisher/ldlidar_stl_ros2/src/demo.cpp:[m[K In function â€˜[01m[Kvoid ToLaserscanMessagePublish(ldlidar::Points2D&, ldlidar::LiPkg*, LaserScanSetting&, rclcpp::Node::SharedPtr&, rclcpp::Publisher<sensor_msgs::msg::LaserScan_<std::allocator<void> > >::SharedPtr&)[m[Kâ€™:
[12.937s] [01m[K/home/hermes/Hermes/hermes_ws/src/lidar_publisher/ldlidar_stl_ros2/src/demo.cpp:139:49:[m[K [01;31m[Kerror: [m[Kâ€˜[01m[Kclass ldlidar::LiPkg[m[Kâ€™ has no member named â€˜[01m[KkPointFrequence[m[Kâ€™
[12.937s]   139 |   float scan_freq = static_cast<float>(commpkg->[01;31m[KkPointFrequence[m[K);
[12.937s]       |                                                 [01;31m[K^~~~~~~~~~~~~~~[m[K
[15.034s] make[2]: *** [CMakeFiles/ldlidar_stl_ros2_node.dir/build.make:76: CMakeFiles/ldlidar_stl_ros2_node.dir/src/demo.cpp.o] Error 1
[15.034s] make[1]: *** [CMakeFiles/Makefile2:137: CMakeFiles/ldlidar_stl_ros2_node.dir/all] Error 2
[15.035s] make: *** [Makefile:146: all] Error 2
[15.049s] Invoked command in '/home/hermes/Hermes/hermes_ws/build/ldlidar_stl_ros2' returned '2': CMAKE_PREFIX_PATH=${CMAKE_PREFIX_PATH}:/home/hermes/lidar_sub_ros2_ws/install/lidar_sub_ros2:/opt/ros/foxy:/home/hermes/ros2_teleop_ws/install/teleop_pkg /usr/local/bin/cmake --build /home/hermes/Hermes/hermes_ws/build/ldlidar_stl_ros2 -- -j6 -l6
