[1.716s] Invoking command in '/home/hermes/Hermes/hermes_ws/build/hermes_interfaces': CMAKE_PREFIX_PATH=${CMAKE_PREFIX_PATH}:/home/hermes/Hermes/hermes_ws/install/tof_publisher:/home/hermes/Hermes/hermes_ws/install/teleop_control:/home/hermes/Hermes/hermes_ws/install/robot_localization_pkg:/home/hermes/Hermes/hermes_ws/install/path_creator:/home/hermes/Hermes/hermes_ws/install/odometry_publisher:/home/hermes/Hermes/hermes_ws/install/my_tf2_broadcaster:/home/hermes/Hermes/hermes_ws/install/multi_package_launcher:/home/hermes/Hermes/hermes_ws/install/icm20948_publisher:/home/hermes/Hermes/hermes_ws/install/hermes_nav:/home/hermes/Hermes/hermes_ws/install/gps_publisher:/home/hermes/Hermes/hermes_ws/install/cmd_vel:/home/hermes/Hermes/hermes_ws/install/cameras:/opt/ros/humble /usr/bin/cmake --build /home/hermes/Hermes/hermes_ws/build/hermes_interfaces -- -j6 -l6
[1.819s] [  9%] Built target hermes_interfaces__rosidl_generator_c
[1.819s] [ 12%] Built target hermes_interfaces__cpp
[1.821s] failed to create symbolic link '/home/hermes/Hermes/hermes_ws/build/hermes_interfaces/ament_cmake_python/hermes_interfaces/hermes_interfaces' because existing path cannot be removed: Is a directory
[1.823s] gmake[2]: *** [CMakeFiles/ament_cmake_python_symlink_hermes_interfaces.dir/build.make:70: CMakeFiles/ament_cmake_python_symlink_hermes_interfaces] Error 1
[1.824s] gmake[1]: *** [CMakeFiles/Makefile2:421: CMakeFiles/ament_cmake_python_symlink_hermes_interfaces.dir/all] Error 2
[1.824s] gmake[1]: *** Waiting for unfinished jobs....
[1.841s] [35m[1mConsolidate compiler generated dependencies of target hermes_interfaces__rosidl_typesupport_c[0m
[1.842s] [35m[1mConsolidate compiler generated dependencies of target hermes_interfaces__rosidl_typesupport_fastrtps_c[0m
[1.842s] [35m[1mConsolidate compiler generated dependencies of target hermes_interfaces__rosidl_typesupport_introspection_c[0m
[1.865s] [ 22%] Built target hermes_interfaces__rosidl_typesupport_introspection_c
[1.867s] [ 32%] Built target hermes_interfaces__rosidl_typesupport_c
[1.872s] [ 41%] Built target hermes_interfaces__rosidl_typesupport_fastrtps_c
[1.875s] gmake: *** [Makefile:146: all] Error 2
[2.276s] Invoked command in '/home/hermes/Hermes/hermes_ws/build/hermes_interfaces' returned '2': CMAKE_PREFIX_PATH=${CMAKE_PREFIX_PATH}:/home/hermes/Hermes/hermes_ws/install/tof_publisher:/home/hermes/Hermes/hermes_ws/install/teleop_control:/home/hermes/Hermes/hermes_ws/install/robot_localization_pkg:/home/hermes/Hermes/hermes_ws/install/path_creator:/home/hermes/Hermes/hermes_ws/install/odometry_publisher:/home/hermes/Hermes/hermes_ws/install/my_tf2_broadcaster:/home/hermes/Hermes/hermes_ws/install/multi_package_launcher:/home/hermes/Hermes/hermes_ws/install/icm20948_publisher:/home/hermes/Hermes/hermes_ws/install/hermes_nav:/home/hermes/Hermes/hermes_ws/install/gps_publisher:/home/hermes/Hermes/hermes_ws/install/cmd_vel:/home/hermes/Hermes/hermes_ws/install/cameras:/opt/ros/humble /usr/bin/cmake --build /home/hermes/Hermes/hermes_ws/build/hermes_interfaces -- -j6 -l6
