[0.055s] Invoking command in '/home/hermes/Hermes/hermes_ws/build/gazebo_plugins': AMENT_PREFIX_PATH=/home/hermes/Hermes/hermes_ws/install/gazebo_ros:${AMENT_PREFIX_PATH} CMAKE_PREFIX_PATH=/home/hermes/Hermes/hermes_ws/install/gazebo_ros:/home/hermes/Hermes/hermes_ws/install/gazebo_dev:/home/hermes/Hermes/hermes_ws/install/ldlidar_stl_ros2:/home/hermes/Hermes/hermes_ws/install/ldlidar:/home/hermes/Hermes/hermes_ws/install/ldlidar_node:/home/hermes/Hermes/hermes_ws/install/ldlidar_component:/home/hermes/Hermes/hermes_ws/install/hermes_urdf:/home/hermes/Hermes/hermes_ws/install/hermes_navigation:/home/hermes/Hermes/hermes_ws/install/hermes_interfaces:/home/hermes/Hermes/hermes_ws/install/gps_publisher:/home/hermes/Downloads/hermes/Hermes/install/ldlidar_stl_ros2:/home/hermes/Downloads/hermes/ros2_ws/src/install/ldlidar:/home/hermes/Downloads/hermes/ros2_ws/src/install/ldlidar_node:/home/hermes/Downloads/hermes/ros2_ws/src/install/ldlidar_component:/home/hermes/Downloads/hermes/ros2_ws/src/install/ffmpeg_image_transport:/home/hermes/Downloads/hermes/ros2_ws/src/install/ffmpeg_image_transport_msgs:/home/hermes/Hermes/hermes_ws/install/tof_publisher:/home/hermes/Hermes/hermes_ws/install/teleop_control:/home/hermes/Hermes/hermes_ws/install/robot_model:/home/hermes/Hermes/hermes_ws/install/odometry:/home/hermes/Hermes/hermes_ws/install/my_robot_description:/home/hermes/Hermes/hermes_ws/install/lidar_publisher:/home/hermes/Hermes/hermes_ws/install/launch_files:/home/hermes/Hermes/hermes_ws/install/imu_publisher:/home/hermes/Hermes/hermes_ws/install/cmd_vel:/home/hermes/Hermes/hermes_ws/install/cameras:/home/hermes/Downloads/hermes/Hermes/install/tof_publisher:/home/hermes/Downloads/hermes/Hermes/install/teleop_control:/home/hermes/Downloads/hermes/Hermes/install/odometry:/home/hermes/Downloads/hermes/Hermes/install/imu_publisher:/home/hermes/Downloads/hermes/Hermes/install/gps_publisher:/home/hermes/Downloads/hermes/Hermes/install/cmd_vel:/home/hermes/Downloads/hermes/Hermes/install/cameras:/home/hermes/Downloads/hermes/ros2_ws/src/install/ros2_video_stream_pkg:/opt/ros/humble LD_LIBRARY_PATH=/home/hermes/Hermes/hermes_ws/install/gazebo_ros/lib:/home/hermes/Hermes/hermes_ws/install/ldlidar_component/lib:/home/hermes/Hermes/hermes_ws/install/hermes_interfaces/lib:/home/hermes/Downloads/hermes/ros2_ws/src/install/ldlidar_component/lib:/home/hermes/Downloads/hermes/ros2_ws/src/install/ffmpeg_image_transport/lib:/home/hermes/Downloads/hermes/ros2_ws/src/install/ffmpeg_image_transport_msgs/lib:/opt/ros/humble/opt/rviz_ogre_vendor/lib:/opt/ros/humble/lib/aarch64-linux-gnu:/opt/ros/humble/lib:/usr/local/cuda-12.2/lib64 PYTHONPATH=/home/hermes/Hermes/hermes_ws/install/gazebo_ros/local/lib/python3.10/dist-packages:${PYTHONPATH} /usr/bin/cmake /home/hermes/Hermes/hermes_ws/src/gazebo_ros_pkgs/gazebo_plugins -DAMENT_CMAKE_SYMLINK_INSTALL=1 -DCMAKE_INSTALL_PREFIX=/home/hermes/Hermes/hermes_ws/install/gazebo_plugins
[0.212s] -- The C compiler identification is GNU 11.4.0
[0.343s] -- The CXX compiler identification is GNU 11.4.0
[0.366s] -- Detecting C compiler ABI info
[0.531s] -- Detecting C compiler ABI info - done
[0.556s] -- Check for working C compiler: /usr/bin/cc - skipped
[0.557s] -- Detecting C compile features
[0.559s] -- Detecting C compile features - done
[0.571s] -- Detecting CXX compiler ABI info
[0.752s] -- Detecting CXX compiler ABI info - done
[0.777s] -- Check for working CXX compiler: /usr/bin/c++ - skipped
[0.778s] -- Detecting CXX compile features
[0.780s] -- Detecting CXX compile features - done
[0.808s] -- Found ament_cmake: 1.3.8 (/opt/ros/humble/share/ament_cmake/cmake)
[1.270s] -- Found Python3: /usr/bin/python3 (found version "3.10.12") found components: Interpreter 
[1.458s] -- Override CMake install command with custom implementation using symlinks instead of copying resources
[1.660s] -- Found camera_info_manager: 3.1.9 (/opt/ros/humble/share/camera_info_manager/cmake)
[1.846s] -- Found rosidl_generator_c: 3.1.5 (/opt/ros/humble/share/rosidl_generator_c/cmake)
[1.869s] -- Found rosidl_adapter: 3.1.5 (/opt/ros/humble/share/rosidl_adapter/cmake)
[1.900s] -- Found rosidl_generator_cpp: 3.1.5 (/opt/ros/humble/share/rosidl_generator_cpp/cmake)
[1.953s] -- Using all available rosidl_typesupport_c: rosidl_typesupport_fastrtps_c;rosidl_typesupport_introspection_c
[2.014s] -- Using all available rosidl_typesupport_cpp: rosidl_typesupport_fastrtps_cpp;rosidl_typesupport_introspection_cpp
[2.220s] -- Found rmw_implementation_cmake: 6.1.1 (/opt/ros/humble/share/rmw_implementation_cmake/cmake)
[2.234s] -- Found rmw_cyclonedds_cpp: 1.3.4 (/opt/ros/humble/share/rmw_cyclonedds_cpp/cmake)
[2.343s] -- Using RMW implementation 'rmw_cyclonedds_cpp' as default
[2.384s] -- Looking for pthread.h
[2.544s] -- Looking for pthread.h - found
[2.544s] -- Performing Test CMAKE_HAVE_LIBC_PTHREAD
[2.719s] -- Performing Test CMAKE_HAVE_LIBC_PTHREAD - Success
[2.721s] -- Found Threads: TRUE  
[3.480s] -- Found gazebo_dev: 3.7.0 (/home/hermes/Hermes/hermes_ws/install/gazebo_dev/share/gazebo_dev/cmake)
[3.504s] -- Found PkgConfig: /usr/bin/pkg-config (found version "0.29.2") 
[3.507s] -- Checking for module 'bullet>=2.82'
[3.536s] --   Found bullet, version 3.05
[3.819s] -- Found fcl: /usr/include (found suitable version "0.7.0", minimum required is "0.5.0") 
[3.944s] -- Found assimp: /usr/include (found version "5.2.0") 
[4.061s] -- Found DART: /usr/include (Required is at least version "6.6") found components: dart 
[4.164s] -- Found Boost: /usr/lib/aarch64-linux-gnu/cmake/Boost-1.74.0/BoostConfig.cmake (found suitable version "1.74.0", minimum required is "1.40.0") found components: thread system filesystem program_options regex iostreams date_time 
[4.207s] -- Found Protobuf: /usr/lib/aarch64-linux-gnu/libprotobuf.so (found version "3.12.4") 
[4.230s] -- Looking for ignition-math6 -- found version 6.15.1
[4.250s] -- Searching for dependencies of ignition-math6
[4.254s] -- Looking for OGRE...
[4.254s] -- OGRE_PREFIX_WATCH changed.
[4.264s] -- Checking for module 'OGRE'
[4.290s] --   Found OGRE, version 1.9.0
[4.366s] -- Found Ogre Ghadamon (1.9.0)
[4.409s] -- Found OGRE: optimized;/usr/lib/aarch64-linux-gnu/libOgreMain.so;debug;/usr/lib/aarch64-linux-gnu/libOgreMain.so
[4.432s] -- Looking for OGRE_Paging...
[4.451s] -- Found OGRE_Paging: optimized;/usr/lib/aarch64-linux-gnu/libOgrePaging.so;debug;/usr/lib/aarch64-linux-gnu/libOgrePaging.so
[4.452s] -- Looking for OGRE_Terrain...
[4.468s] -- Found OGRE_Terrain: optimized;/usr/lib/aarch64-linux-gnu/libOgreTerrain.so;debug;/usr/lib/aarch64-linux-gnu/libOgreTerrain.so
[4.469s] -- Looking for OGRE_Property...
[4.486s] -- Found OGRE_Property: optimized;/usr/lib/aarch64-linux-gnu/libOgreProperty.so;debug;/usr/lib/aarch64-linux-gnu/libOgreProperty.so
[4.486s] -- Looking for OGRE_RTShaderSystem...
[4.503s] -- Found OGRE_RTShaderSystem: optimized;/usr/lib/aarch64-linux-gnu/libOgreRTShaderSystem.so;debug;/usr/lib/aarch64-linux-gnu/libOgreRTShaderSystem.so
[4.503s] -- Looking for OGRE_Volume...
[4.520s] -- Found OGRE_Volume: optimized;/usr/lib/aarch64-linux-gnu/libOgreVolume.so;debug;/usr/lib/aarch64-linux-gnu/libOgreVolume.so
[4.520s] -- Looking for OGRE_Overlay...
[4.536s] -- Found OGRE_Overlay: optimized;/usr/lib/aarch64-linux-gnu/libOgreOverlay.so;debug;/usr/lib/aarch64-linux-gnu/libOgreOverlay.so
[4.945s] -- Looking for ignition-math6 -- found version 6.15.1
[4.957s] -- Looking for ignition-transport8 -- found version 8.2.1
[4.958s] -- Searching for dependencies of ignition-transport8
[5.001s] -- Found Protobuf: /usr/lib/aarch64-linux-gnu/libprotobuf.so (found suitable version "3.12.4", minimum required is "3") 
[5.030s] -- Config-file not installed for ZeroMQ -- checking for pkg-config
[5.039s] -- Checking for module 'libzmq >= 4'
[5.068s] --   Found libzmq , version 4.3.4
[5.150s] -- Found ZeroMQ: TRUE (Required is at least version "4") 
[5.169s] -- Checking for module 'uuid'
[5.208s] --   Found uuid, version 2.37.2
[5.287s] -- Found UUID: TRUE  
[5.309s] -- Looking for ignition-msgs5 -- found version 5.8.1
[5.311s] -- Searching for dependencies of ignition-msgs5
[5.374s] -- Looking for ignition-math6 -- found version 6.15.1
[5.388s] -- Checking for module 'tinyxml2'
[5.425s] --   Found tinyxml2, version 9.0.0
[5.507s] -- Looking for ignition-msgs5 -- found version 5.8.1
[5.525s] -- Looking for ignition-common3 -- found version 3.14.0
[5.526s] -- Searching for dependencies of ignition-common3
[5.529s] -- Looking for dlfcn.h - found
[5.533s] -- Looking for libdl - found
[5.538s] -- Found DL: TRUE  
[5.584s] -- Found tinyobjloader: /usr/lib/aarch64-linux-gnu/cmake/tinyobjloader/tinyobjloader-config.cmake (found version "2.0.0") 
[5.585s] -- Searching for <ignition-common3> component [graphics]
[5.601s] -- Looking for ignition-common3-graphics -- found version 3.14.0
[5.602s] -- Searching for dependencies of ignition-common3-graphics
[5.603s] -- Looking for ignition-math6 -- found version 6.15.1
[5.619s] -- Looking for ignition-fuel_tools4 -- found version 4.4.0
[5.621s] -- Searching for dependencies of ignition-fuel_tools4
[5.818s] -- Found CURL: /usr/lib/aarch64-linux-gnu/libcurl.so (found version "7.81.0")  
[5.854s] -- Checking for module 'jsoncpp'
[5.890s] --   Found jsoncpp, version 1.9.5
[5.969s] -- Found JSONCPP: TRUE  
[5.986s] -- Checking for module 'libzip'
[6.025s] --   Found libzip, version 1.7.3
[6.101s] -- Found ZIP: TRUE  
[6.102s] -- Looking for ignition-common3 -- found version 3.14.0
[6.104s] -- Looking for ignition-math6 -- found version 6.15.1
[6.105s] -- Looking for ignition-msgs5 -- found version 5.8.1
[6.128s] -- Gazebo version: 11.10
[6.130s] -- Checking for module 'tbb'
[6.168s] --   Found tbb, version 2021.5.0
[6.258s] -- Found gazebo_msgs: 3.7.0 (/opt/ros/humble/share/gazebo_msgs/cmake)
[6.698s] -- Found gazebo_ros: 3.7.0 (/home/hermes/Hermes/hermes_ws/install/gazebo_ros/share/gazebo_ros/cmake)
[6.724s] -- Found image_transport: 3.1.9 (/opt/ros/humble/share/image_transport/cmake)
[6.869s] -- Found cv_bridge: 3.2.1 (/opt/ros/humble/share/cv_bridge/cmake)
[6.904s] -- Found nav_msgs: 4.2.3 (/opt/ros/humble/share/nav_msgs/cmake)
[7.073s] -- Found std_srvs: 4.2.3 (/opt/ros/humble/share/std_srvs/cmake)
[7.120s] -- Found tf2: 0.25.6 (/opt/ros/humble/share/tf2/cmake)
[7.144s] -- Found tf2_geometry_msgs: 0.25.6 (/opt/ros/humble/share/tf2_geometry_msgs/cmake)
[7.183s] -- Found eigen3_cmake_module: 0.1.1 (/opt/ros/humble/share/eigen3_cmake_module/cmake)
[7.186s] -- Found Eigen3: TRUE (found version "3.4.0") 
[7.187s] -- Ensuring Eigen3 include directory is part of orocos-kdl CMake target
[8.909s] -- Found ament_cmake_gtest: 1.3.8 (/opt/ros/humble/share/ament_cmake_gtest/cmake)
[8.933s] -- Found gtest sources under '/opt/ros/humble/src/gtest_vendor': C++ tests using 'Google Test' will be built
[10.102s] -- Found ament_lint_auto: 0.12.10 (/opt/ros/humble/share/ament_lint_auto/cmake)
[10.422s] -- Added test 'copyright' to check source files copyright and LICENSE
[10.434s] -- Added test 'cppcheck' to perform static code analysis on C / C++ code
[10.441s] -- Configured cppcheck include dirs: /home/hermes/Hermes/hermes_ws/src/gazebo_ros_pkgs/gazebo_plugins/include
[10.441s] -- Configured cppcheck exclude dirs and/or files: 
[10.444s] -- Added test 'flake8' to check Python code syntax and style conventions
[10.449s] -- Added test 'lint_cmake' to check CMake code style
[10.452s] -- Added test 'pep257' to check Python code against some of the docstring style conventions in PEP 257
[10.463s] -- Added test 'uncrustify' to check C / C++ code style
[10.463s] -- Configured uncrustify additional arguments: 
[10.466s] -- Added test 'xmllint' to check XML markup files
[10.477s] -- Configuring done
[11.466s] -- Generating done
[11.479s] -- Build files have been written to: /home/hermes/Hermes/hermes_ws/build/gazebo_plugins
[11.548s] Invoked command in '/home/hermes/Hermes/hermes_ws/build/gazebo_plugins' returned '0': AMENT_PREFIX_PATH=/home/hermes/Hermes/hermes_ws/install/gazebo_ros:${AMENT_PREFIX_PATH} CMAKE_PREFIX_PATH=/home/hermes/Hermes/hermes_ws/install/gazebo_ros:/home/hermes/Hermes/hermes_ws/install/gazebo_dev:/home/hermes/Hermes/hermes_ws/install/ldlidar_stl_ros2:/home/hermes/Hermes/hermes_ws/install/ldlidar:/home/hermes/Hermes/hermes_ws/install/ldlidar_node:/home/hermes/Hermes/hermes_ws/install/ldlidar_component:/home/hermes/Hermes/hermes_ws/install/hermes_urdf:/home/hermes/Hermes/hermes_ws/install/hermes_navigation:/home/hermes/Hermes/hermes_ws/install/hermes_interfaces:/home/hermes/Hermes/hermes_ws/install/gps_publisher:/home/hermes/Downloads/hermes/Hermes/install/ldlidar_stl_ros2:/home/hermes/Downloads/hermes/ros2_ws/src/install/ldlidar:/home/hermes/Downloads/hermes/ros2_ws/src/install/ldlidar_node:/home/hermes/Downloads/hermes/ros2_ws/src/install/ldlidar_component:/home/hermes/Downloads/hermes/ros2_ws/src/install/ffmpeg_image_transport:/home/hermes/Downloads/hermes/ros2_ws/src/install/ffmpeg_image_transport_msgs:/home/hermes/Hermes/hermes_ws/install/tof_publisher:/home/hermes/Hermes/hermes_ws/install/teleop_control:/home/hermes/Hermes/hermes_ws/install/robot_model:/home/hermes/Hermes/hermes_ws/install/odometry:/home/hermes/Hermes/hermes_ws/install/my_robot_description:/home/hermes/Hermes/hermes_ws/install/lidar_publisher:/home/hermes/Hermes/hermes_ws/install/launch_files:/home/hermes/Hermes/hermes_ws/install/imu_publisher:/home/hermes/Hermes/hermes_ws/install/cmd_vel:/home/hermes/Hermes/hermes_ws/install/cameras:/home/hermes/Downloads/hermes/Hermes/install/tof_publisher:/home/hermes/Downloads/hermes/Hermes/install/teleop_control:/home/hermes/Downloads/hermes/Hermes/install/odometry:/home/hermes/Downloads/hermes/Hermes/install/imu_publisher:/home/hermes/Downloads/hermes/Hermes/install/gps_publisher:/home/hermes/Downloads/hermes/Hermes/install/cmd_vel:/home/hermes/Downloads/hermes/Hermes/install/cameras:/home/hermes/Downloads/hermes/ros2_ws/src/install/ros2_video_stream_pkg:/opt/ros/humble LD_LIBRARY_PATH=/home/hermes/Hermes/hermes_ws/install/gazebo_ros/lib:/home/hermes/Hermes/hermes_ws/install/ldlidar_component/lib:/home/hermes/Hermes/hermes_ws/install/hermes_interfaces/lib:/home/hermes/Downloads/hermes/ros2_ws/src/install/ldlidar_component/lib:/home/hermes/Downloads/hermes/ros2_ws/src/install/ffmpeg_image_transport/lib:/home/hermes/Downloads/hermes/ros2_ws/src/install/ffmpeg_image_transport_msgs/lib:/opt/ros/humble/opt/rviz_ogre_vendor/lib:/opt/ros/humble/lib/aarch64-linux-gnu:/opt/ros/humble/lib:/usr/local/cuda-12.2/lib64 PYTHONPATH=/home/hermes/Hermes/hermes_ws/install/gazebo_ros/local/lib/python3.10/dist-packages:${PYTHONPATH} /usr/bin/cmake /home/hermes/Hermes/hermes_ws/src/gazebo_ros_pkgs/gazebo_plugins -DAMENT_CMAKE_SYMLINK_INSTALL=1 -DCMAKE_INSTALL_PREFIX=/home/hermes/Hermes/hermes_ws/install/gazebo_plugins
[11.554s] Invoking command in '/home/hermes/Hermes/hermes_ws/build/gazebo_plugins': AMENT_PREFIX_PATH=/home/hermes/Hermes/hermes_ws/install/gazebo_ros:${AMENT_PREFIX_PATH} CMAKE_PREFIX_PATH=/home/hermes/Hermes/hermes_ws/install/gazebo_ros:/home/hermes/Hermes/hermes_ws/install/gazebo_dev:/home/hermes/Hermes/hermes_ws/install/ldlidar_stl_ros2:/home/hermes/Hermes/hermes_ws/install/ldlidar:/home/hermes/Hermes/hermes_ws/install/ldlidar_node:/home/hermes/Hermes/hermes_ws/install/ldlidar_component:/home/hermes/Hermes/hermes_ws/install/hermes_urdf:/home/hermes/Hermes/hermes_ws/install/hermes_navigation:/home/hermes/Hermes/hermes_ws/install/hermes_interfaces:/home/hermes/Hermes/hermes_ws/install/gps_publisher:/home/hermes/Downloads/hermes/Hermes/install/ldlidar_stl_ros2:/home/hermes/Downloads/hermes/ros2_ws/src/install/ldlidar:/home/hermes/Downloads/hermes/ros2_ws/src/install/ldlidar_node:/home/hermes/Downloads/hermes/ros2_ws/src/install/ldlidar_component:/home/hermes/Downloads/hermes/ros2_ws/src/install/ffmpeg_image_transport:/home/hermes/Downloads/hermes/ros2_ws/src/install/ffmpeg_image_transport_msgs:/home/hermes/Hermes/hermes_ws/install/tof_publisher:/home/hermes/Hermes/hermes_ws/install/teleop_control:/home/hermes/Hermes/hermes_ws/install/robot_model:/home/hermes/Hermes/hermes_ws/install/odometry:/home/hermes/Hermes/hermes_ws/install/my_robot_description:/home/hermes/Hermes/hermes_ws/install/lidar_publisher:/home/hermes/Hermes/hermes_ws/install/launch_files:/home/hermes/Hermes/hermes_ws/install/imu_publisher:/home/hermes/Hermes/hermes_ws/install/cmd_vel:/home/hermes/Hermes/hermes_ws/install/cameras:/home/hermes/Downloads/hermes/Hermes/install/tof_publisher:/home/hermes/Downloads/hermes/Hermes/install/teleop_control:/home/hermes/Downloads/hermes/Hermes/install/odometry:/home/hermes/Downloads/hermes/Hermes/install/imu_publisher:/home/hermes/Downloads/hermes/Hermes/install/gps_publisher:/home/hermes/Downloads/hermes/Hermes/install/cmd_vel:/home/hermes/Downloads/hermes/Hermes/install/cameras:/home/hermes/Downloads/hermes/ros2_ws/src/install/ros2_video_stream_pkg:/opt/ros/humble LD_LIBRARY_PATH=/home/hermes/Hermes/hermes_ws/install/gazebo_ros/lib:/home/hermes/Hermes/hermes_ws/install/ldlidar_component/lib:/home/hermes/Hermes/hermes_ws/install/hermes_interfaces/lib:/home/hermes/Downloads/hermes/ros2_ws/src/install/ldlidar_component/lib:/home/hermes/Downloads/hermes/ros2_ws/src/install/ffmpeg_image_transport/lib:/home/hermes/Downloads/hermes/ros2_ws/src/install/ffmpeg_image_transport_msgs/lib:/opt/ros/humble/opt/rviz_ogre_vendor/lib:/opt/ros/humble/lib/aarch64-linux-gnu:/opt/ros/humble/lib:/usr/local/cuda-12.2/lib64 PYTHONPATH=/home/hermes/Hermes/hermes_ws/install/gazebo_ros/local/lib/python3.10/dist-packages:${PYTHONPATH} /usr/bin/cmake --build /home/hermes/Hermes/hermes_ws/build/gazebo_plugins -- -j6 -l6
[11.682s] [  4%] [32mBuilding CXX object CMakeFiles/gazebo_ros_template.dir/src/gazebo_ros_template.cpp.o[0m
[11.682s] [  4%] [32mBuilding CXX object CMakeFiles/gazebo_ros_force.dir/src/gazebo_ros_force.cpp.o[0m
[11.683s] [  4%] [32mBuilding CXX object CMakeFiles/multi_camera_plugin.dir/src/multi_camera_plugin.cpp.o[0m
[11.683s] [  4%] [32mBuilding CXX object CMakeFiles/gazebo_ros_diff_drive.dir/src/gazebo_ros_diff_drive.cpp.o[0m
[11.686s] [  6%] [32mBuilding CXX object CMakeFiles/gazebo_ros_imu_sensor.dir/src/gazebo_ros_imu_sensor.cpp.o[0m
[11.686s] [  6%] [32mBuilding CXX object CMakeFiles/gazebo_ros_joint_state_publisher.dir/src/gazebo_ros_joint_state_publisher.cpp.o[0m
[41.801s] [  8%] [32m[1mLinking CXX shared library libgazebo_ros_template.so[0m
[43.033s] [  8%] Built target gazebo_ros_template
[43.105s] [  9%] [32mBuilding CXX object CMakeFiles/gazebo_ros_gps_sensor.dir/src/gazebo_ros_gps_sensor.cpp.o[0m
[44.759s] [ 10%] [32m[1mLinking CXX shared library libgazebo_ros_imu_sensor.so[0m
[46.037s] [ 10%] Built target gazebo_ros_imu_sensor
[46.071s] [ 11%] [32m[1mLinking CXX shared library libgazebo_ros_joint_state_publisher.so[0m
[46.109s] [ 12%] [32mBuilding CXX object CMakeFiles/gazebo_ros_ray_sensor.dir/src/gazebo_ros_ray_sensor.cpp.o[0m
[47.492s] [ 12%] Built target gazebo_ros_joint_state_publisher
[47.561s] [ 13%] [32mBuilding CXX object CMakeFiles/gazebo_ros_p3d.dir/src/gazebo_ros_p3d.cpp.o[0m
[52.424s] [ 15%] [32m[1mLinking CXX shared library libmulti_camera_plugin.so[0m
[53.133s] [ 15%] Built target multi_camera_plugin
[53.187s] [ 16%] [32mBuilding CXX object CMakeFiles/gazebo_ros_tricycle_drive.dir/src/gazebo_ros_tricycle_drive.cpp.o[0m
[55.620s] [ 17%] [32m[1mLinking CXX shared library libgazebo_ros_force.so[0m
[57.769s] [ 17%] Built target gazebo_ros_force
[57.834s] [ 18%] [32mBuilding CXX object CMakeFiles/gazebo_ros_video.dir/src/gazebo_ros_video.cpp.o[0m
[58.817s] [ 19%] [32m[1mLinking CXX shared library libgazebo_ros_diff_drive.so[0m
[61.267s] [ 19%] Built target gazebo_ros_diff_drive
[61.318s] [ 20%] [32mBuilding CXX object CMakeFiles/gazebo_ros_ft_sensor.dir/src/gazebo_ros_ft_sensor.cpp.o[0m
[79.378s] [ 22%] [32m[1mLinking CXX shared library libgazebo_ros_gps_sensor.so[0m
[80.649s] [ 22%] Built target gazebo_ros_gps_sensor
[80.713s] [ 23%] [32mBuilding CXX object CMakeFiles/gazebo_ros_bumper.dir/src/gazebo_ros_bumper.cpp.o[0m
[83.705s] [ 24%] [32m[1mLinking CXX shared library libgazebo_ros_p3d.so[0m
[85.519s] [ 24%] Built target gazebo_ros_p3d
[85.575s] [ 25%] [32mBuilding CXX object CMakeFiles/gazebo_ros_harness.dir/src/gazebo_ros_harness.cpp.o[0m
[91.561s] [ 26%] [32m[1mLinking CXX shared library libgazebo_ros_ray_sensor.so[0m
[93.650s] [ 26%] Built target gazebo_ros_ray_sensor
[93.702s] [ 27%] [32mBuilding CXX object CMakeFiles/gazebo_ros_hand_of_god.dir/src/gazebo_ros_hand_of_god.cpp.o[0m
[96.444s] [ 29%] [32m[1mLinking CXX shared library libgazebo_ros_ft_sensor.so[0m
[97.700s] [ 29%] Built target gazebo_ros_ft_sensor
[97.749s] [ 30%] [32mBuilding CXX object CMakeFiles/gazebo_ros_ackermann_drive.dir/src/gazebo_ros_ackermann_drive.cpp.o[0m
[101.027s] [ 31%] [32m[1mLinking CXX shared library libgazebo_ros_tricycle_drive.so[0m
[103.804s] [ 31%] Built target gazebo_ros_tricycle_drive
[103.864s] [ 32%] [32mBuilding CXX object CMakeFiles/gazebo_ros_elevator.dir/src/gazebo_ros_elevator.cpp.o[0m
[116.559s] [ 33%] [32m[1mLinking CXX shared library libgazebo_ros_bumper.so[0m
[118.437s] [ 33%] Built target gazebo_ros_bumper
[118.520s] [ 34%] [32mBuilding CXX object CMakeFiles/gazebo_ros_vacuum_gripper.dir/src/gazebo_ros_vacuum_gripper.cpp.o[0m
[128.257s] [ 36%] [32m[1mLinking CXX shared library libgazebo_ros_hand_of_god.so[0m
[130.120s] [ 36%] Built target gazebo_ros_hand_of_god
[130.183s] [ 37%] [32mBuilding CXX object CMakeFiles/gazebo_ros_joint_pose_trajectory.dir/src/gazebo_ros_joint_pose_trajectory.cpp.o[0m
[132.197s] [ 38%] [32m[1mLinking CXX shared library libgazebo_ros_video.so[0m
[134.964s] [ 38%] Built target gazebo_ros_video
[137.180s] [ 39%] [32m[1mLinking CXX shared library libgazebo_ros_harness.so[0m
[139.557s] [ 39%] Built target gazebo_ros_harness
[140.235s] [ 40%] [32m[1mLinking CXX shared library libgazebo_ros_elevator.so[0m
[140.617s] [ 41%] [32mBuilding CXX object CMakeFiles/gazebo_ros_projector.dir/src/gazebo_ros_projector.cpp.o[0m
[141.872s] [ 41%] Built target gazebo_ros_elevator
[142.923s] [ 43%] [32mBuilding CXX object CMakeFiles/gazebo_ros_wheel_slip.dir/src/gazebo_ros_wheel_slip.cpp.o[0m
[145.032s] [ 44%] [32mBuilding CXX object CMakeFiles/gazebo_ros_planar_move.dir/src/gazebo_ros_planar_move.cpp.o[0m
[149.395s] [ 45%] [32m[1mLinking CXX shared library libgazebo_ros_ackermann_drive.so[0m
[151.953s] [ 45%] Built target gazebo_ros_ackermann_drive
[152.005s] [ 46%] [32mBuilding CXX object gtest/CMakeFiles/gtest_main.dir/src/gtest_main.cc.o[0m
[153.429s] [ 47%] [32m[1mLinking CXX static library libgtest_main.a[0m
[153.518s] [ 47%] Built target gtest_main
[153.569s] [ 48%] [32mBuilding CXX object gtest/CMakeFiles/gtest.dir/src/gtest-all.cc.o[0m
[156.967s] [ 50%] [32m[1mLinking CXX shared library libgazebo_ros_vacuum_gripper.so[0m
[158.498s] [ 50%] Built target gazebo_ros_vacuum_gripper
[158.558s] [ 51%] [32mBuilding CXX object CMakeFiles/gazebo_ros_camera.dir/src/gazebo_ros_camera.cpp.o[0m
[160.354s] [ 52%] [32m[1mLinking CXX static library libgtest.a[0m
[160.486s] [ 52%] Built target gtest
[160.544s] [ 53%] [32mBuilding CXX object test/CMakeFiles/test_gazebo_ros_ackermann_drive.dir/test_gazebo_ros_ackermann_drive.cpp.o[0m
[174.020s] [ 54%] [32m[1mLinking CXX shared library libgazebo_ros_joint_pose_trajectory.so[0m
[176.277s] [ 54%] Built target gazebo_ros_joint_pose_trajectory
[180.393s] [ 55%] [32mBuilding CXX object test/CMakeFiles/test_gazebo_ros_bumper.dir/test_gazebo_ros_bumper.cpp.o[0m
[190.451s] [ 56%] [32m[1mLinking CXX shared library libgazebo_ros_projector.so[0m
[192.453s] [ 58%] [32m[1mLinking CXX shared library libgazebo_ros_planar_move.so[0m
[193.108s] [ 58%] Built target gazebo_ros_projector
[195.068s] [ 58%] Built target gazebo_ros_planar_move
[196.131s] [ 59%] [32mBuilding CXX object test/CMakeFiles/test_gazebo_ros_elevator.dir/test_gazebo_ros_elevator.cpp.o[0m
[197.809s] [ 60%] [32m[1mLinking CXX shared library libgazebo_ros_wheel_slip.so[0m
[198.169s] [ 61%] [32mBuilding CXX object test/CMakeFiles/test_gazebo_ros_diff_drive.dir/test_gazebo_ros_diff_drive.cpp.o[0m
[200.038s] [ 61%] Built target gazebo_ros_wheel_slip
[200.091s] [ 62%] [32mBuilding CXX object test/CMakeFiles/test_gazebo_ros_force.dir/test_gazebo_ros_force.cpp.o[0m
[281.356s] [01m[Kc++:[m[K [01;31m[Kfatal error: [m[KKilled signal terminated program cc1plus
[281.357s] compilation terminated.
[281.359s] gmake[2]: *** [test/CMakeFiles/test_gazebo_ros_ackermann_drive.dir/build.make:76: test/CMakeFiles/test_gazebo_ros_ackermann_drive.dir/test_gazebo_ros_ackermann_drive.cpp.o] Error 1
[281.362s] gmake[1]: *** [CMakeFiles/Makefile2:849: test/CMakeFiles/test_gazebo_ros_ackermann_drive.dir/all] Error 2
[281.362s] gmake[1]: *** Waiting for unfinished jobs....
[284.396s] [ 63%] [32m[1mLinking CXX shared library libgazebo_ros_camera.so[0m
[287.175s] [ 63%] Built target gazebo_ros_camera
[311.004s] [ 65%] [32m[1mLinking CXX executable test_gazebo_ros_elevator[0m
[311.416s] [ 66%] [32m[1mLinking CXX executable test_gazebo_ros_bumper[0m
[313.520s] [ 67%] [32m[1mLinking CXX executable test_gazebo_ros_force[0m
[315.616s] [ 67%] Built target test_gazebo_ros_elevator
[316.552s] [ 67%] Built target test_gazebo_ros_bumper
[317.390s] [ 67%] Built target test_gazebo_ros_force
[320.478s] [ 68%] [32m[1mLinking CXX executable test_gazebo_ros_diff_drive[0m
[325.039s] [ 68%] Built target test_gazebo_ros_diff_drive
[325.044s] gmake: *** [Makefile:146: all] Error 2
[325.074s] Invoked command in '/home/hermes/Hermes/hermes_ws/build/gazebo_plugins' returned '2': AMENT_PREFIX_PATH=/home/hermes/Hermes/hermes_ws/install/gazebo_ros:${AMENT_PREFIX_PATH} CMAKE_PREFIX_PATH=/home/hermes/Hermes/hermes_ws/install/gazebo_ros:/home/hermes/Hermes/hermes_ws/install/gazebo_dev:/home/hermes/Hermes/hermes_ws/install/ldlidar_stl_ros2:/home/hermes/Hermes/hermes_ws/install/ldlidar:/home/hermes/Hermes/hermes_ws/install/ldlidar_node:/home/hermes/Hermes/hermes_ws/install/ldlidar_component:/home/hermes/Hermes/hermes_ws/install/hermes_urdf:/home/hermes/Hermes/hermes_ws/install/hermes_navigation:/home/hermes/Hermes/hermes_ws/install/hermes_interfaces:/home/hermes/Hermes/hermes_ws/install/gps_publisher:/home/hermes/Downloads/hermes/Hermes/install/ldlidar_stl_ros2:/home/hermes/Downloads/hermes/ros2_ws/src/install/ldlidar:/home/hermes/Downloads/hermes/ros2_ws/src/install/ldlidar_node:/home/hermes/Downloads/hermes/ros2_ws/src/install/ldlidar_component:/home/hermes/Downloads/hermes/ros2_ws/src/install/ffmpeg_image_transport:/home/hermes/Downloads/hermes/ros2_ws/src/install/ffmpeg_image_transport_msgs:/home/hermes/Hermes/hermes_ws/install/tof_publisher:/home/hermes/Hermes/hermes_ws/install/teleop_control:/home/hermes/Hermes/hermes_ws/install/robot_model:/home/hermes/Hermes/hermes_ws/install/odometry:/home/hermes/Hermes/hermes_ws/install/my_robot_description:/home/hermes/Hermes/hermes_ws/install/lidar_publisher:/home/hermes/Hermes/hermes_ws/install/launch_files:/home/hermes/Hermes/hermes_ws/install/imu_publisher:/home/hermes/Hermes/hermes_ws/install/cmd_vel:/home/hermes/Hermes/hermes_ws/install/cameras:/home/hermes/Downloads/hermes/Hermes/install/tof_publisher:/home/hermes/Downloads/hermes/Hermes/install/teleop_control:/home/hermes/Downloads/hermes/Hermes/install/odometry:/home/hermes/Downloads/hermes/Hermes/install/imu_publisher:/home/hermes/Downloads/hermes/Hermes/install/gps_publisher:/home/hermes/Downloads/hermes/Hermes/install/cmd_vel:/home/hermes/Downloads/hermes/Hermes/install/cameras:/home/hermes/Downloads/hermes/ros2_ws/src/install/ros2_video_stream_pkg:/opt/ros/humble LD_LIBRARY_PATH=/home/hermes/Hermes/hermes_ws/install/gazebo_ros/lib:/home/hermes/Hermes/hermes_ws/install/ldlidar_component/lib:/home/hermes/Hermes/hermes_ws/install/hermes_interfaces/lib:/home/hermes/Downloads/hermes/ros2_ws/src/install/ldlidar_component/lib:/home/hermes/Downloads/hermes/ros2_ws/src/install/ffmpeg_image_transport/lib:/home/hermes/Downloads/hermes/ros2_ws/src/install/ffmpeg_image_transport_msgs/lib:/opt/ros/humble/opt/rviz_ogre_vendor/lib:/opt/ros/humble/lib/aarch64-linux-gnu:/opt/ros/humble/lib:/usr/local/cuda-12.2/lib64 PYTHONPATH=/home/hermes/Hermes/hermes_ws/install/gazebo_ros/local/lib/python3.10/dist-packages:${PYTHONPATH} /usr/bin/cmake --build /home/hermes/Hermes/hermes_ws/build/gazebo_plugins -- -j6 -l6
